# JRE version: Java(TM) SE Runtime Environment 18.9 (11.0.10+8) (build 11.0.10+8-LTS-162)
# Java VM: Java HotSpot(TM) 64-Bit Server VM 18.9 (11.0.10+8-LTS-162, mixed mode, tiered, compressed oops, g1 gc, windows-amd64)
Heap:
 garbage-first heap   total 262144K, used 11129K [0x0000000701e00000, 0x0000000800000000)
  region size 1024K, 5 young (5120K), 3 survivors (3072K)
 Metaspace       used 23181K, capacity 23799K, committed 23936K, reserved 1081344K
  class space    used 2813K, capacity 3081K, committed 3200K, reserved 1048576K
GC Heap History (8 events):
Event: 0.703 GC heap before
{Heap before GC invocations=0 (full 0):
 garbage-first heap   total 262144K, used 24576K [0x0000000701e00000, 0x0000000800000000)
  region size 1024K, 24 young (24576K), 0 survivors (0K)
 Metaspace       used 13146K, capacity 13474K, committed 13568K, reserved 1060864K
  class space    used 1363K, capacity 1473K, committed 1536K, reserved 1048576K
}
Event: 0.710 GC heap after
{Heap after GC invocations=1 (full 0):
 garbage-first heap   total 262144K, used 7005K [0x0000000701e00000, 0x0000000800000000)
  region size 1024K, 3 young (3072K), 3 survivors (3072K)
 Metaspace       used 13146K, capacity 13474K, committed 13568K, reserved 1060864K
  class space    used 1363K, capacity 1473K, committed 1536K, reserved 1048576K
}
Event: 1.148 GC heap before
{Heap before GC invocations=1 (full 0):
 garbage-first heap   total 262144K, used 29533K [0x0000000701e00000, 0x0000000800000000)
  region size 1024K, 25 young (25600K), 3 survivors (3072K)
 Metaspace       used 17269K, capacity 17720K, committed 18048K, reserved 1064960K
  class space    used 1889K, capacity 2069K, committed 2176K, reserved 1048576K
}
Event: 1.151 GC heap after
{Heap after GC invocations=2 (full 0):
 garbage-first heap   total 262144K, used 8582K [0x0000000701e00000, 0x0000000800000000)
  region size 1024K, 2 young (2048K), 2 survivors (2048K)
 Metaspace       used 17269K, capacity 17720K, committed 18048K, reserved 1064960K
  class space    used 1889K, capacity 2069K, committed 2176K, reserved 1048576K
}
Event: 1.337 GC heap before
{Heap before GC invocations=2 (full 0):
 garbage-first heap   total 262144K, used 25990K [0x0000000701e00000, 0x0000000800000000)
  region size 1024K, 20 young (20480K), 2 survivors (2048K)
 Metaspace       used 20500K, capacity 21042K, committed 21248K, reserved 1069056K
  class space    used 2340K, capacity 2547K, committed 2560K, reserved 1048576K
}
Event: 1.339 GC heap after
{Heap after GC invocations=3 (full 0):
 garbage-first heap   total 262144K, used 9340K [0x0000000701e00000, 0x0000000800000000)
  region size 1024K, 3 young (3072K), 3 survivors (3072K)
 Metaspace       used 20500K, capacity 21042K, committed 21248K, reserved 1069056K
  class space    used 2340K, capacity 2547K, committed 2560K, reserved 1048576K
}
Event: 1.433 GC heap before
{Heap before GC invocations=4 (full 0):
 garbage-first heap   total 262144K, used 34940K [0x0000000701e00000, 0x0000000800000000)
  region size 1024K, 29 young (29696K), 3 survivors (3072K)
 Metaspace       used 23157K, capacity 23760K, committed 23808K, reserved 1073152K
  class space    used 2806K, capacity 3046K, committed 3072K, reserved 1048576K
}
Event: 1.436 GC heap after
{Heap after GC invocations=5 (full 0):
 garbage-first heap   total 262144K, used 10105K [0x0000000701e00000, 0x0000000800000000)
  region size 1024K, 3 young (3072K), 3 survivors (3072K)
 Metaspace       used 23157K, capacity 23760K, committed 23808K, reserved 1073152K
  class space    used 2806K, capacity 3046K, committed 3072K, reserved 1048576K
}

